<?xml version="1.0" encoding="UTF-8"?>
<testng-results skipped="0" failed="0" ignored="0" total="1" passed="1">
  <reporter-output>
  </reporter-output>
  <suite name="Suite" duration-ms="26698" started-at="2017-09-11T19:21:59Z" finished-at="2017-09-11T19:22:25Z">
    <groups>
    </groups>
    <test name="Test" duration-ms="26698" started-at="2017-09-11T19:21:59Z" finished-at="2017-09-11T19:22:25Z">
      <class name="com.test.JenkinsProject.GitProject">
        <test-method status="PASS" signature="beforeClass()[pri:0, instance:com.test.JenkinsProject.GitProject@3ffc5af1]" name="beforeClass" is-config="true" duration-ms="25404" started-at="2017-09-12T00:51:59Z" finished-at="2017-09-12T00:52:24Z">
          <reporter-output>
          </reporter-output>
        </test-method> <!-- beforeClass -->
        <test-method status="PASS" signature="f()[pri:0, instance:com.test.JenkinsProject.GitProject@3ffc5af1]" name="f" duration-ms="10" started-at="2017-09-12T00:52:24Z" finished-at="2017-09-12T00:52:24Z">
          <reporter-output>
          </reporter-output>
        </test-method> <!-- f -->
        <test-method status="PASS" signature="afterClass()[pri:0, instance:com.test.JenkinsProject.GitProject@3ffc5af1]" name="afterClass" is-config="true" duration-ms="1249" started-at="2017-09-12T00:52:24Z" finished-at="2017-09-12T00:52:25Z">
          <reporter-output>
          </reporter-output>
        </test-method> <!-- afterClass -->
      </class> <!-- com.test.JenkinsProject.GitProject -->
    </test> <!-- Test -->
  </suite> <!-- Suite -->
</testng-results>
